<?xml version="1.0" encoding="utf-8"?><testsuites name="pytest tests"><testsuite name="pytest" errors="0" failures="4" skipped="0" tests="24" time="15.684" timestamp="2026-03-09T22:11:08.139976+00:00" hostname="agent-env-e7da9e30-c62f-4039-85b0-4e3cb2e66750"><testcase classname="backend.tests.test_clawme_phase2.TestWaitlistAPI" name="test_waitlist_count" time="2.959" /><testcase classname="backend.tests.test_clawme_phase2.TestWaitlistAPI" name="test_waitlist_check_available_handle" time="2.047" /><testcase classname="backend.tests.test_clawme_phase2.TestWaitlistAPI" name="test_waitlist_check_invalid_handle" time="0.169"><failure message="assert 200 == 422&#10; +  where 200 = &lt;Response [200]&gt;.status_code">backend/tests/test_clawme_phase2.py:38: in test_waitlist_check_invalid_handle
    assert response.status_code == 422
E   assert 200 == 422
E    +  where 200 = &lt;Response [200]&gt;.status_code</failure></testcase><testcase classname="backend.tests.test_clawme_phase2.TestWaitlistAPI" name="test_waitlist_check_reserved_handle" time="0.172" /><testcase classname="backend.tests.test_clawme_phase2.TestWaitlistAPI" name="test_waitlist_post_success" time="0.493" /><testcase classname="backend.tests.test_clawme_phase2.TestWaitlistAPI" name="test_waitlist_post_invalid_email" time="0.143" /><testcase classname="backend.tests.test_clawme_phase2.TestWaitlistAPI" name="test_waitlist_post_duplicate_email" time="0.282" /><testcase classname="backend.tests.test_clawme_phase2.TestHandleAPI" name="test_handle_me_returns_handle" time="1.254" /><testcase classname="backend.tests.test_clawme_phase2.TestHandleAPI" name="test_handle_update_display_name" time="0.716" /><testcase classname="backend.tests.test_clawme_phase2.TestHandleAPI" name="test_handle_update_description" time="0.275" /><testcase classname="backend.tests.test_clawme_phase2.TestHandleAPI" name="test_handle_update_methods" time="0.342" /><testcase classname="backend.tests.test_clawme_phase2.TestHeartbeatAPI" name="test_heartbeat_success" time="0.638" /><testcase classname="backend.tests.test_clawme_phase2.TestHeartbeatAPI" name="test_heartbeat_invalid_gateway" time="0.176" /><testcase classname="backend.tests.test_clawme_phase2.TestHeartbeatAPI" name="test_heartbeat_wss_gateway" time="0.333" /><testcase classname="backend.tests.test_clawme_phase2.TestResolveAPI" name="test_resolve_existing_handle" time="0.696" /><testcase classname="backend.tests.test_clawme_phase2.TestResolveAPI" name="test_resolve_with_at_prefix" time="0.494" /><testcase classname="backend.tests.test_clawme_phase2.TestResolveAPI" name="test_resolve_nonexistent_handle" time="0.228"><failure message="assert 422 == 404&#10; +  where 422 = &lt;Response [422]&gt;.status_code">backend/tests/test_clawme_phase2.py:234: in test_resolve_nonexistent_handle
    assert response.status_code == 404
E   assert 422 == 404
E    +  where 422 = &lt;Response [422]&gt;.status_code</failure></testcase><testcase classname="backend.tests.test_clawme_phase2.TestResolveAPI" name="test_resolve_invalid_handle_format" time="0.296"><failure message="assert 404 == 422&#10; +  where 404 = &lt;Response [404]&gt;.status_code">backend/tests/test_clawme_phase2.py:242: in test_resolve_invalid_handle_format
    assert response.status_code == 422
E   assert 404 == 422
E    +  where 404 = &lt;Response [404]&gt;.status_code</failure></testcase><testcase classname="backend.tests.test_clawme_phase2.TestConnectionsAPI" name="test_pending_connections" time="1.541" /><testcase classname="backend.tests.test_clawme_phase2.TestConnectionsAPI" name="test_connection_request_no_handle" time="1.443" /><testcase classname="backend.tests.test_clawme_phase2.TestConnectionsAPI" name="test_connection_request_invalid_target" time="0.148"><failure message="assert 404 == 422&#10; +  where 404 = &lt;Response [404]&gt;.status_code">backend/tests/test_clawme_phase2.py:274: in test_connection_request_invalid_target
    assert response.status_code == 422
E   assert 404 == 422
E    +  where 404 = &lt;Response [404]&gt;.status_code</failure></testcase><testcase classname="backend.tests.test_clawme_phase2.TestHandleClaim" name="test_handle_claim_already_exists" time="0.293" /><testcase classname="backend.tests.test_clawme_phase2.TestHandleClaim" name="test_handle_claim_invalid_format" time="0.162" /><testcase classname="backend.tests.test_clawme_phase2.TestHandleClaim" name="test_handle_claim_reserved" time="0.174" /></testsuite></testsuites>