<?xml version="1.0" encoding="utf-8"?><testsuites name="pytest tests"><testsuite name="pytest" errors="0" failures="0" skipped="0" tests="24" time="5.692" timestamp="2026-03-09T22:11:50.805236+00:00" hostname="agent-env-e7da9e30-c62f-4039-85b0-4e3cb2e66750"><testcase classname="backend.tests.test_clawme_phase2.TestWaitlistAPI" name="test_waitlist_count" time="0.228" /><testcase classname="backend.tests.test_clawme_phase2.TestWaitlistAPI" name="test_waitlist_check_available_handle" time="0.181" /><testcase classname="backend.tests.test_clawme_phase2.TestWaitlistAPI" name="test_waitlist_check_invalid_handle" time="0.169" /><testcase classname="backend.tests.test_clawme_phase2.TestWaitlistAPI" name="test_waitlist_check_reserved_handle" time="0.199" /><testcase classname="backend.tests.test_clawme_phase2.TestWaitlistAPI" name="test_waitlist_post_success" time="0.151" /><testcase classname="backend.tests.test_clawme_phase2.TestWaitlistAPI" name="test_waitlist_post_invalid_email" time="0.147" /><testcase classname="backend.tests.test_clawme_phase2.TestWaitlistAPI" name="test_waitlist_post_duplicate_email" time="0.294" /><testcase classname="backend.tests.test_clawme_phase2.TestHandleAPI" name="test_handle_me_returns_handle" time="0.154" /><testcase classname="backend.tests.test_clawme_phase2.TestHandleAPI" name="test_handle_update_display_name" time="0.315" /><testcase classname="backend.tests.test_clawme_phase2.TestHandleAPI" name="test_handle_update_description" time="0.284" /><testcase classname="backend.tests.test_clawme_phase2.TestHandleAPI" name="test_handle_update_methods" time="0.363" /><testcase classname="backend.tests.test_clawme_phase2.TestHeartbeatAPI" name="test_heartbeat_success" time="0.306" /><testcase classname="backend.tests.test_clawme_phase2.TestHeartbeatAPI" name="test_heartbeat_invalid_gateway" time="0.137" /><testcase classname="backend.tests.test_clawme_phase2.TestHeartbeatAPI" name="test_heartbeat_wss_gateway" time="0.356" /><testcase classname="backend.tests.test_clawme_phase2.TestResolveAPI" name="test_resolve_existing_handle" time="0.344" /><testcase classname="backend.tests.test_clawme_phase2.TestResolveAPI" name="test_resolve_with_at_prefix" time="0.416" /><testcase classname="backend.tests.test_clawme_phase2.TestResolveAPI" name="test_resolve_nonexistent_handle" time="0.143" /><testcase classname="backend.tests.test_clawme_phase2.TestResolveAPI" name="test_resolve_invalid_handle_format" time="0.219" /><testcase classname="backend.tests.test_clawme_phase2.TestConnectionsAPI" name="test_pending_connections" time="0.212" /><testcase classname="backend.tests.test_clawme_phase2.TestConnectionsAPI" name="test_connection_request_no_handle" time="0.199" /><testcase classname="backend.tests.test_clawme_phase2.TestConnectionsAPI" name="test_connection_request_invalid_target" time="0.164" /><testcase classname="backend.tests.test_clawme_phase2.TestHandleClaim" name="test_handle_claim_already_exists" time="0.341" /><testcase classname="backend.tests.test_clawme_phase2.TestHandleClaim" name="test_handle_claim_invalid_format" time="0.141" /><testcase classname="backend.tests.test_clawme_phase2.TestHandleClaim" name="test_handle_claim_reserved" time="0.150" /></testsuite></testsuites>