<?xml version="1.0" encoding="utf-8"?><testsuites name="pytest tests"><testsuite name="pytest" errors="0" failures="7" skipped="0" tests="17" time="2.874" timestamp="2026-03-10T22:12:49.207964+00:00" hostname="agent-env-e7da9e30-c62f-4039-85b0-4e3cb2e66750"><testcase classname="backend.tests.test_waitlist_protection.TestWaitlistCheckAPI" name="test_check_available_handle" time="0.013" /><testcase classname="backend.tests.test_waitlist_protection.TestWaitlistCheckAPI" name="test_check_claimed_handle" time="0.010"><failure message="assert 429 == 200&#10; +  where 429 = &lt;Response [429]&gt;.status_code">backend/tests/test_waitlist_protection.py:32: in test_check_claimed_handle
    assert response.status_code == 200
E   assert 429 == 200
E    +  where 429 = &lt;Response [429]&gt;.status_code</failure></testcase><testcase classname="backend.tests.test_waitlist_protection.TestWaitlistCheckAPI" name="test_check_waitlist_reserved_without_email" time="0.011"><failure message="assert 429 == 200&#10; +  where 429 = &lt;Response [429]&gt;.status_code">backend/tests/test_waitlist_protection.py:41: in test_check_waitlist_reserved_without_email
    assert response.status_code == 200
E   assert 429 == 200
E    +  where 429 = &lt;Response [429]&gt;.status_code</failure></testcase><testcase classname="backend.tests.test_waitlist_protection.TestWaitlistCheckAPI" name="test_check_waitlist_reserved_different_email" time="0.016"><failure message="assert 429 == 200&#10; +  where 429 = &lt;Response [429]&gt;.status_code">backend/tests/test_waitlist_protection.py:49: in test_check_waitlist_reserved_different_email
    assert response.status_code == 200
E   assert 429 == 200
E    +  where 429 = &lt;Response [429]&gt;.status_code</failure></testcase><testcase classname="backend.tests.test_waitlist_protection.TestWaitlistCheckAPI" name="test_check_waitlist_reserved_same_email" time="0.012"><failure message="assert 429 == 200&#10; +  where 429 = &lt;Response [429]&gt;.status_code">backend/tests/test_waitlist_protection.py:57: in test_check_waitlist_reserved_same_email
    assert response.status_code == 200
E   assert 429 == 200
E    +  where 429 = &lt;Response [429]&gt;.status_code</failure></testcase><testcase classname="backend.tests.test_waitlist_protection.TestWaitlistCheckAPI" name="test_check_invalid_handle_format" time="0.024"><failure message="assert 429 == 422&#10; +  where 429 = &lt;Response [429]&gt;.status_code">backend/tests/test_waitlist_protection.py:66: in test_check_invalid_handle_format
    assert response.status_code == 422
E   assert 429 == 422
E    +  where 429 = &lt;Response [429]&gt;.status_code</failure></testcase><testcase classname="backend.tests.test_waitlist_protection.TestWaitlistCheckAPI" name="test_check_system_reserved_handle" time="0.011"><failure message="assert 429 == 200&#10; +  where 429 = &lt;Response [429]&gt;.status_code">backend/tests/test_waitlist_protection.py:75: in test_check_system_reserved_handle
    assert response.status_code == 200
E   assert 429 == 200
E    +  where 429 = &lt;Response [429]&gt;.status_code</failure></testcase><testcase classname="backend.tests.test_waitlist_protection.TestHandleClaimAPI" name="test_claim_available_handle" time="0.039" /><testcase classname="backend.tests.test_waitlist_protection.TestHandleClaimAPI" name="test_claim_waitlist_reserved_by_different_email" time="0.010" /><testcase classname="backend.tests.test_waitlist_protection.TestHandleClaimAPI" name="test_claim_already_claimed_handle" time="0.011" /><testcase classname="backend.tests.test_waitlist_protection.TestHandleClaimAPI" name="test_claim_invalid_handle_format" time="0.024" /><testcase classname="backend.tests.test_waitlist_protection.TestHandleClaimAPI" name="test_claim_system_reserved_handle" time="0.009" /><testcase classname="backend.tests.test_waitlist_protection.TestWaitlistFormAPI" name="test_create_waitlist_entry" time="2.532"><failure message="AssertionError: assert None == False&#10; +  where None = &lt;built-in method get of dict object at 0xf9cff29c9e80&gt;('available')&#10; +    where &lt;built-in method get of dict object at 0xf9cff29c9e80&gt; = {'error': 'Too many requests'}.get">backend/tests/test_waitlist_protection.py:184: in test_create_waitlist_entry
    assert check_data.get("available") == False
E   AssertionError: assert None == False
E    +  where None = &lt;built-in method get of dict object at 0xf9cff29c9e80&gt;('available')
E    +    where &lt;built-in method get of dict object at 0xf9cff29c9e80&gt; = {'error': 'Too many requests'}.get</failure></testcase><testcase classname="backend.tests.test_waitlist_protection.TestWaitlistFormAPI" name="test_duplicate_email_rejected" time="0.009" /><testcase classname="backend.tests.test_waitlist_protection.TestWaitlistFormAPI" name="test_duplicate_handle_rejected" time="0.009" /><testcase classname="backend.tests.test_waitlist_protection.TestHandleMeAPI" name="test_get_current_user_handle" time="0.009" /><testcase classname="backend.tests.test_waitlist_protection.TestWaitlistCount" name="test_get_waitlist_count" time="0.008" /></testsuite></testsuites>