<?xml version="1.0" encoding="utf-8"?><testsuites name="pytest tests"><testsuite name="pytest" errors="0" failures="0" skipped="0" tests="15" time="5.059" timestamp="2026-03-10T22:15:08.228443+00:00" hostname="agent-env-e7da9e30-c62f-4039-85b0-4e3cb2e66750"><testcase classname="backend.tests.test_waitlist_protection.TestWaitlistCheckAPI" name="test_check_available_handle" time="0.313" /><testcase classname="backend.tests.test_waitlist_protection.TestWaitlistCheckAPI" name="test_check_claimed_handle" time="0.310" /><testcase classname="backend.tests.test_waitlist_protection.TestWaitlistCheckAPI" name="test_check_waitlist_reserved_without_email" time="0.310" /><testcase classname="backend.tests.test_waitlist_protection.TestWaitlistCheckAPI" name="test_check_waitlist_reserved_different_email" time="0.311" /><testcase classname="backend.tests.test_waitlist_protection.TestWaitlistCheckAPI" name="test_check_waitlist_reserved_same_email" time="0.310" /><testcase classname="backend.tests.test_waitlist_protection.TestWaitlistCheckAPIValidation" name="test_check_invalid_handle_format" time="0.625" /><testcase classname="backend.tests.test_waitlist_protection.TestWaitlistCheckAPIValidation" name="test_check_system_reserved_handle" time="0.313" /><testcase classname="backend.tests.test_waitlist_protection.TestHandleClaimAPI" name="test_claim_waitlist_reserved_by_different_email" time="0.313" /><testcase classname="backend.tests.test_waitlist_protection.TestHandleClaimAPI" name="test_claim_already_claimed_handle" time="0.312" /><testcase classname="backend.tests.test_waitlist_protection.TestHandleClaimAPI" name="test_claim_invalid_handle_format" time="0.312" /><testcase classname="backend.tests.test_waitlist_protection.TestHandleClaimAPI" name="test_claim_system_reserved_handle" time="0.319" /><testcase classname="backend.tests.test_waitlist_protection.TestWaitlistFormAPI" name="test_duplicate_email_rejected" time="0.311" /><testcase classname="backend.tests.test_waitlist_protection.TestWaitlistFormAPI" name="test_duplicate_handle_rejected" time="0.312" /><testcase classname="backend.tests.test_waitlist_protection.TestHandleMeAPI" name="test_get_current_user_handle" time="0.311" /><testcase classname="backend.tests.test_waitlist_protection.TestWaitlistCount" name="test_get_waitlist_count" time="0.311" /></testsuite></testsuites>