<?xml version="1.0" encoding="utf-8"?><testsuites name="pytest tests"><testsuite name="pytest" errors="0" failures="0" skipped="0" tests="13" time="3.372" timestamp="2026-03-09T20:50:45.291807+00:00" hostname="agent-env-a1d6ebb9-dc23-40b1-bfda-7f99472a93c2"><testcase classname="backend.tests.test_clawme.TestHealthAndRoot" name="test_root" time="0.283" /><testcase classname="backend.tests.test_clawme.TestHandleCheck" name="test_available_handle" time="0.118" /><testcase classname="backend.tests.test_clawme.TestHandleCheck" name="test_reserved_handle_admin" time="0.178" /><testcase classname="backend.tests.test_clawme.TestHandleCheck" name="test_reserved_handle_api" time="0.149" /><testcase classname="backend.tests.test_clawme.TestHandleCheck" name="test_invalid_handle_format" time="0.122" /><testcase classname="backend.tests.test_clawme.TestHandleCheck" name="test_short_handle_invalid" time="0.309" /><testcase classname="backend.tests.test_clawme.TestWaitlistPost" name="test_successful_registration" time="0.398" /><testcase classname="backend.tests.test_clawme.TestWaitlistPost" name="test_duplicate_email" time="0.350" /><testcase classname="backend.tests.test_clawme.TestWaitlistPost" name="test_duplicate_handle" time="0.454" /><testcase classname="backend.tests.test_clawme.TestWaitlistPost" name="test_invalid_email_format" time="0.199" /><testcase classname="backend.tests.test_clawme.TestWaitlistPost" name="test_reserved_handle_rejected" time="0.172" /><testcase classname="backend.tests.test_clawme.TestWaitlistPost" name="test_no_handle_registration" time="0.169" /><testcase classname="backend.tests.test_clawme.TestWaitlistPost" name="test_handle_taken_updates_availability" time="0.323" /></testsuite></testsuites>